mode: set
codechallenge/codility/11.sieve-of-eratosthenes/3.count-semi-prime/solution.go:7.40,11.15 3 1
codechallenge/codility/11.sieve-of-eratosthenes/3.count-semi-prime/solution.go:29.2,29.10 1 1
codechallenge/codility/11.sieve-of-eratosthenes/3.count-semi-prime/solution.go:11.15,13.16 1 1
codechallenge/codility/11.sieve-of-eratosthenes/3.count-semi-prime/solution.go:25.3,25.6 1 1
codechallenge/codility/11.sieve-of-eratosthenes/3.count-semi-prime/solution.go:13.16,16.15 2 1
codechallenge/codility/11.sieve-of-eratosthenes/3.count-semi-prime/solution.go:16.15,18.18 1 1
codechallenge/codility/11.sieve-of-eratosthenes/3.count-semi-prime/solution.go:22.5,22.11 1 1
codechallenge/codility/11.sieve-of-eratosthenes/3.count-semi-prime/solution.go:18.18,20.6 1 1
codechallenge/codility/11.sieve-of-eratosthenes/3.count-semi-prime/solution.go:33.62,36.34 2 1
codechallenge/codility/11.sieve-of-eratosthenes/3.count-semi-prime/solution.go:44.2,44.22 1 1
codechallenge/codility/11.sieve-of-eratosthenes/3.count-semi-prime/solution.go:48.2,48.14 1 1
codechallenge/codility/11.sieve-of-eratosthenes/3.count-semi-prime/solution.go:36.34,37.22 1 1
codechallenge/codility/11.sieve-of-eratosthenes/3.count-semi-prime/solution.go:40.3,41.16 2 1
codechallenge/codility/11.sieve-of-eratosthenes/3.count-semi-prime/solution.go:37.22,38.9 1 1
codechallenge/codility/11.sieve-of-eratosthenes/3.count-semi-prime/solution.go:44.22,46.3 1 1
codechallenge/codility/11.sieve-of-eratosthenes/3.count-semi-prime/solution.go:53.46,57.27 3 1
codechallenge/codility/11.sieve-of-eratosthenes/3.count-semi-prime/solution.go:67.2,73.30 4 1
codechallenge/codility/11.sieve-of-eratosthenes/3.count-semi-prime/solution.go:117.2,117.19 1 1
codechallenge/codility/11.sieve-of-eratosthenes/3.count-semi-prime/solution.go:57.27,58.47 1 1
codechallenge/codility/11.sieve-of-eratosthenes/3.count-semi-prime/solution.go:58.47,63.4 1 1
codechallenge/codility/11.sieve-of-eratosthenes/3.count-semi-prime/solution.go:73.30,76.17 2 1
codechallenge/codility/11.sieve-of-eratosthenes/3.count-semi-prime/solution.go:76.17,78.59 1 1
codechallenge/codility/11.sieve-of-eratosthenes/3.count-semi-prime/solution.go:78.59,80.5 1 1
codechallenge/codility/11.sieve-of-eratosthenes/3.count-semi-prime/solution.go:80.10,83.5 1 1
codechallenge/codility/11.sieve-of-eratosthenes/3.count-semi-prime/solution.go:85.9,85.30 1 1
codechallenge/codility/11.sieve-of-eratosthenes/3.count-semi-prime/solution.go:85.30,87.58 1 1
codechallenge/codility/11.sieve-of-eratosthenes/3.count-semi-prime/solution.go:87.58,89.60 1 1
codechallenge/codility/11.sieve-of-eratosthenes/3.count-semi-prime/solution.go:89.60,91.6 1 1
codechallenge/codility/11.sieve-of-eratosthenes/3.count-semi-prime/solution.go:91.11,94.6 1 1
codechallenge/codility/11.sieve-of-eratosthenes/3.count-semi-prime/solution.go:96.10,98.16 1 1
codechallenge/codility/11.sieve-of-eratosthenes/3.count-semi-prime/solution.go:98.16,101.6 1 1
codechallenge/codility/11.sieve-of-eratosthenes/3.count-semi-prime/solution.go:101.11,102.61 1 1
codechallenge/codility/11.sieve-of-eratosthenes/3.count-semi-prime/solution.go:102.61,105.7 1 1
codechallenge/codility/11.sieve-of-eratosthenes/3.count-semi-prime/solution.go:105.12,107.7 1 1
codechallenge/codility/11.sieve-of-eratosthenes/3.count-semi-prime/solution.go:111.9,113.4 1 1
codechallenge/codility/11.sieve-of-eratosthenes/3.count-semi-prime/solution.go:122.35,127.28 4 1
codechallenge/codility/11.sieve-of-eratosthenes/3.count-semi-prime/solution.go:131.2,131.18 1 1
codechallenge/codility/11.sieve-of-eratosthenes/3.count-semi-prime/solution.go:127.28,129.3 1 1
